<?xml version="1.0" encoding="UTF-8"?>
<coverage generated="1730207517023" clover="3.2.0">
  <project timestamp="1730207517024" name="All files">
    <metrics statements="91" coveredstatements="91" conditionals="17" coveredconditionals="17" methods="9" coveredmethods="9" elements="117" coveredelements="117" complexity="0" loc="91" ncloc="91" packages="1" files="2" classes="2"/>
    <file name="index.ts" path="E:\Code\twistrand\src\index.ts">
      <metrics statements="2" coveredstatements="2" conditionals="1" coveredconditionals="1" methods="1" coveredmethods="1"/>
      <line num="1" count="1" type="stmt"/>
      <line num="3" count="1" type="cond" truecount="1" falsecount="0"/>
    </file>
    <file name="mersenne-twister.ts" path="E:\Code\twistrand\src\mersenne-twister.ts">
      <metrics statements="89" coveredstatements="89" conditionals="16" coveredconditionals="16" methods="8" coveredmethods="8"/>
      <line num="1" count="8" type="cond" truecount="1" falsecount="0"/>
      <line num="2" count="8" type="stmt"/>
      <line num="3" count="8" type="stmt"/>
      <line num="4" count="8" type="stmt"/>
      <line num="5" count="8" type="stmt"/>
      <line num="6" count="8" type="cond" truecount="1" falsecount="0"/>
      <line num="8" count="8" type="stmt"/>
      <line num="9" count="8" type="stmt"/>
      <line num="10" count="8" type="stmt"/>
      <line num="12" count="8" type="cond" truecount="1" falsecount="0"/>
      <line num="13" count="8" type="stmt"/>
      <line num="14" count="8" type="stmt"/>
      <line num="15" count="8" type="stmt"/>
      <line num="16" count="8" type="stmt"/>
      <line num="17" count="8" type="stmt"/>
      <line num="19" count="8" type="cond" truecount="1" falsecount="0"/>
      <line num="20" count="8" type="stmt"/>
      <line num="22" count="8" type="stmt"/>
      <line num="23" count="8" type="stmt"/>
      <line num="25" count="8" type="cond" truecount="2" falsecount="0"/>
      <line num="26" count="24" type="stmt"/>
      <line num="27" count="24" type="stmt"/>
      <line num="28" count="24" type="stmt"/>
      <line num="30" count="8" type="cond" truecount="1" falsecount="0"/>
      <line num="31" count="1240" type="stmt"/>
      <line num="32" count="1240" type="stmt"/>
      <line num="34" count="1240" type="stmt"/>
      <line num="35" count="1240" type="stmt"/>
      <line num="36" count="1240" type="stmt"/>
      <line num="37" count="1240" type="stmt"/>
      <line num="38" count="1240" type="stmt"/>
      <line num="39" count="1240" type="stmt"/>
      <line num="40" count="1240" type="stmt"/>
      <line num="41" count="1240" type="stmt"/>
      <line num="42" count="1240" type="cond" truecount="1" falsecount="0"/>
      <line num="43" count="1232" type="stmt"/>
      <line num="44" count="1232" type="stmt"/>
      <line num="45" count="1232" type="stmt"/>
      <line num="46" count="1240" type="stmt"/>
      <line num="47" count="8" type="stmt"/>
      <line num="49" count="8" type="cond" truecount="1" falsecount="0"/>
      <line num="50" count="16" type="stmt"/>
      <line num="51" count="16" type="stmt"/>
      <line num="52" count="16" type="stmt"/>
      <line num="53" count="16" type="stmt"/>
      <line num="54" count="16" type="stmt"/>
      <line num="55" count="16" type="stmt"/>
      <line num="57" count="16" type="stmt"/>
      <line num="58" count="16" type="stmt"/>
      <line num="60" count="16" type="cond" truecount="1" falsecount="0"/>
      <line num="61" count="896" type="stmt"/>
      <line num="62" count="896" type="stmt"/>
      <line num="64" count="896" type="stmt"/>
      <line num="65" count="896" type="stmt"/>
      <line num="67" count="896" type="stmt"/>
      <line num="68" count="896" type="stmt"/>
      <line num="70" count="896" type="stmt"/>
      <line num="71" count="896" type="stmt"/>
      <line num="72" count="896" type="stmt"/>
      <line num="74" count="16" type="cond" truecount="1" falsecount="0"/>
      <line num="75" count="48" type="stmt"/>
      <line num="76" count="48" type="stmt"/>
      <line num="77" count="48" type="stmt"/>
      <line num="79" count="16" type="cond" truecount="1" falsecount="0"/>
      <line num="80" count="6336" type="stmt"/>
      <line num="81" count="6336" type="stmt"/>
      <line num="82" count="6336" type="stmt"/>
      <line num="84" count="16" type="stmt"/>
      <line num="85" count="16" type="stmt"/>
      <line num="87" count="16" type="stmt"/>
      <line num="88" count="16" type="stmt"/>
      <line num="90" count="8" type="cond" truecount="1" falsecount="0"/>
      <line num="91" count="8000" type="cond" truecount="1" falsecount="0"/>
      <line num="92" count="16" type="stmt"/>
      <line num="93" count="16" type="stmt"/>
      <line num="95" count="8000" type="stmt"/>
      <line num="97" count="8000" type="stmt"/>
      <line num="98" count="8000" type="stmt"/>
      <line num="99" count="8000" type="stmt"/>
      <line num="100" count="8000" type="stmt"/>
      <line num="102" count="8000" type="stmt"/>
      <line num="103" count="8000" type="stmt"/>
      <line num="105" count="8" type="cond" truecount="1" falsecount="0"/>
      <line num="106" count="1000" type="stmt"/>
      <line num="107" count="1000" type="stmt"/>
      <line num="109" count="8" type="cond" truecount="1" falsecount="0"/>
      <line num="110" count="1000" type="stmt"/>
      <line num="111" count="1000" type="stmt"/>
      <line num="112" count="8" type="stmt"/>
    </file>
  </project>
</coverage>
