{"E:\\Code\\twistrand\\src\\index.ts": {"path":"E:\\Code\\twistrand\\src\\index.ts","all":false,"statementMap":{"0":{"start":{"line":1,"column":0},"end":{"line":1,"column":48}},"2":{"start":{"line":3,"column":0},"end":{"line":3,"column":59}}},"s":{"0":1,"2":1},"branchMap":{"0":{"type":"branch","line":3,"loc":{"start":{"line":3,"column":15},"end":{"line":3,"column":59}},"locations":[{"start":{"line":3,"column":15},"end":{"line":3,"column":59}}]}},"b":{"0":[1]},"fnMap":{"0":{"name":"__vite_ssr_exports__.default","decl":{"start":{"line":3,"column":15},"end":{"line":3,"column":59}},"loc":{"start":{"line":3,"column":15},"end":{"line":3,"column":59}},"line":3}},"f":{"0":1}}
,"E:\\Code\\twistrand\\src\\mersenne-twister.ts": {"path":"E:\\Code\\twistrand\\src\\mersenne-twister.ts","all":false,"statementMap":{"0":{"start":{"line":1,"column":0},"end":{"line":1,"column":38}},"1":{"start":{"line":2,"column":0},"end":{"line":2,"column":33}},"2":{"start":{"line":3,"column":0},"end":{"line":3,"column":33}},"3":{"start":{"line":4,"column":0},"end":{"line":4,"column":47}},"4":{"start":{"line":5,"column":0},"end":{"line":5,"column":49}},"5":{"start":{"line":6,"column":0},"end":{"line":6,"column":49}},"7":{"start":{"line":8,"column":0},"end":{"line":8,"column":34}},"8":{"start":{"line":9,"column":0},"end":{"line":9,"column":21}},"9":{"start":{"line":10,"column":0},"end":{"line":10,"column":37}},"11":{"start":{"line":12,"column":0},"end":{"line":12,"column":42}},"12":{"start":{"line":13,"column":0},"end":{"line":13,"column":48}},"13":{"start":{"line":14,"column":0},"end":{"line":14,"column":63}},"14":{"start":{"line":15,"column":0},"end":{"line":15,"column":36}},"15":{"start":{"line":16,"column":0},"end":{"line":16,"column":19}},"16":{"start":{"line":17,"column":0},"end":{"line":17,"column":3}},"18":{"start":{"line":19,"column":0},"end":{"line":19,"column":36}},"19":{"start":{"line":20,"column":0},"end":{"line":20,"column":27}},"21":{"start":{"line":22,"column":0},"end":{"line":22,"column":13}},"22":{"start":{"line":23,"column":0},"end":{"line":23,"column":35}},"24":{"start":{"line":25,"column":0},"end":{"line":25,"column":33}},"25":{"start":{"line":26,"column":0},"end":{"line":26,"column":30}},"26":{"start":{"line":27,"column":0},"end":{"line":27,"column":62}},"27":{"start":{"line":28,"column":0},"end":{"line":28,"column":5}},"29":{"start":{"line":30,"column":0},"end":{"line":30,"column":27}},"30":{"start":{"line":31,"column":0},"end":{"line":31,"column":28}},"31":{"start":{"line":32,"column":0},"end":{"line":32,"column":62}},"33":{"start":{"line":34,"column":0},"end":{"line":34,"column":22}},"34":{"start":{"line":35,"column":0},"end":{"line":35,"column":22}},"35":{"start":{"line":36,"column":0},"end":{"line":36,"column":74}},"36":{"start":{"line":37,"column":0},"end":{"line":37,"column":7}},"37":{"start":{"line":38,"column":0},"end":{"line":38,"column":22}},"38":{"start":{"line":39,"column":0},"end":{"line":39,"column":26}},"39":{"start":{"line":40,"column":0},"end":{"line":40,"column":74}},"40":{"start":{"line":41,"column":0},"end":{"line":41,"column":7}},"41":{"start":{"line":42,"column":0},"end":{"line":42,"column":22}},"42":{"start":{"line":43,"column":0},"end":{"line":43,"column":26}},"43":{"start":{"line":44,"column":0},"end":{"line":44,"column":74}},"44":{"start":{"line":45,"column":0},"end":{"line":45,"column":7}},"45":{"start":{"line":46,"column":0},"end":{"line":46,"column":5}},"46":{"start":{"line":47,"column":0},"end":{"line":47,"column":3}},"48":{"start":{"line":49,"column":0},"end":{"line":49,"column":25}},"49":{"start":{"line":50,"column":0},"end":{"line":50,"column":31}},"50":{"start":{"line":51,"column":0},"end":{"line":51,"column":31}},"51":{"start":{"line":52,"column":0},"end":{"line":52,"column":49}},"52":{"start":{"line":53,"column":0},"end":{"line":53,"column":49}},"53":{"start":{"line":54,"column":0},"end":{"line":54,"column":22}},"54":{"start":{"line":55,"column":0},"end":{"line":55,"column":28}},"56":{"start":{"line":57,"column":0},"end":{"line":57,"column":13}},"57":{"start":{"line":58,"column":0},"end":{"line":58,"column":19}},"59":{"start":{"line":60,"column":0},"end":{"line":60,"column":31}},"60":{"start":{"line":61,"column":0},"end":{"line":61,"column":61}},"61":{"start":{"line":62,"column":0},"end":{"line":62,"column":52}},"63":{"start":{"line":64,"column":0},"end":{"line":64,"column":61}},"64":{"start":{"line":65,"column":0},"end":{"line":65,"column":60}},"66":{"start":{"line":67,"column":0},"end":{"line":67,"column":61}},"67":{"start":{"line":68,"column":0},"end":{"line":68,"column":60}},"69":{"start":{"line":70,"column":0},"end":{"line":70,"column":61}},"70":{"start":{"line":71,"column":0},"end":{"line":71,"column":60}},"71":{"start":{"line":72,"column":0},"end":{"line":72,"column":5}},"73":{"start":{"line":74,"column":0},"end":{"line":74,"column":24}},"74":{"start":{"line":75,"column":0},"end":{"line":75,"column":63}},"75":{"start":{"line":76,"column":0},"end":{"line":76,"column":52}},"76":{"start":{"line":77,"column":0},"end":{"line":77,"column":5}},"78":{"start":{"line":79,"column":0},"end":{"line":79,"column":28}},"79":{"start":{"line":80,"column":0},"end":{"line":80,"column":63}},"80":{"start":{"line":81,"column":0},"end":{"line":81,"column":58}},"81":{"start":{"line":82,"column":0},"end":{"line":82,"column":5}},"83":{"start":{"line":84,"column":0},"end":{"line":84,"column":61}},"84":{"start":{"line":85,"column":0},"end":{"line":85,"column":54}},"86":{"start":{"line":87,"column":0},"end":{"line":87,"column":16}},"87":{"start":{"line":88,"column":0},"end":{"line":88,"column":3}},"89":{"start":{"line":90,"column":0},"end":{"line":90,"column":27}},"90":{"start":{"line":91,"column":0},"end":{"line":91,"column":40}},"91":{"start":{"line":92,"column":0},"end":{"line":92,"column":18}},"92":{"start":{"line":93,"column":0},"end":{"line":93,"column":5}},"94":{"start":{"line":95,"column":0},"end":{"line":95,"column":31}},"96":{"start":{"line":97,"column":0},"end":{"line":97,"column":17}},"97":{"start":{"line":98,"column":0},"end":{"line":98,"column":30}},"98":{"start":{"line":99,"column":0},"end":{"line":99,"column":31}},"99":{"start":{"line":100,"column":0},"end":{"line":100,"column":17}},"101":{"start":{"line":102,"column":0},"end":{"line":102,"column":45}},"102":{"start":{"line":103,"column":0},"end":{"line":103,"column":3}},"104":{"start":{"line":105,"column":0},"end":{"line":105,"column":54}},"105":{"start":{"line":106,"column":0},"end":{"line":106,"column":60}},"106":{"start":{"line":107,"column":0},"end":{"line":107,"column":3}},"108":{"start":{"line":109,"column":0},"end":{"line":109,"column":56}},"109":{"start":{"line":110,"column":0},"end":{"line":110,"column":44}},"110":{"start":{"line":111,"column":0},"end":{"line":111,"column":3}},"111":{"start":{"line":112,"column":0},"end":{"line":112,"column":1}}},"s":{"0":8,"1":8,"2":8,"3":8,"4":8,"5":8,"7":8,"8":8,"9":8,"11":8,"12":8,"13":8,"14":8,"15":8,"16":8,"18":8,"19":8,"21":8,"22":8,"24":8,"25":24,"26":24,"27":24,"29":8,"30":1240,"31":1240,"33":1240,"34":1240,"35":1240,"36":1240,"37":1240,"38":1240,"39":1240,"40":1240,"41":1240,"42":1232,"43":1232,"44":1232,"45":1240,"46":8,"48":8,"49":16,"50":16,"51":16,"52":16,"53":16,"54":16,"56":16,"57":16,"59":16,"60":896,"61":896,"63":896,"64":896,"66":896,"67":896,"69":896,"70":896,"71":896,"73":16,"74":48,"75":48,"76":48,"78":16,"79":6336,"80":6336,"81":6336,"83":16,"84":16,"86":16,"87":16,"89":8,"90":8000,"91":16,"92":16,"94":8000,"96":8000,"97":8000,"98":8000,"99":8000,"101":8000,"102":8000,"104":8,"105":1000,"106":1000,"108":8,"109":1000,"110":1000,"111":8},"branchMap":{"0":{"type":"branch","line":1,"loc":{"start":{"line":1,"column":0},"end":{"line":112,"column":1}},"locations":[{"start":{"line":1,"column":0},"end":{"line":112,"column":1}}]},"1":{"type":"branch","line":6,"loc":{"start":{"line":6,"column":2},"end":{"line":6,"column":49}},"locations":[{"start":{"line":6,"column":2},"end":{"line":6,"column":49}}]},"2":{"type":"branch","line":12,"loc":{"start":{"line":12,"column":2},"end":{"line":17,"column":3}},"locations":[{"start":{"line":12,"column":2},"end":{"line":17,"column":3}}]},"3":{"type":"branch","line":19,"loc":{"start":{"line":19,"column":10},"end":{"line":47,"column":3}},"locations":[{"start":{"line":19,"column":10},"end":{"line":47,"column":3}}]},"4":{"type":"branch","line":25,"loc":{"start":{"line":25,"column":15},"end":{"line":25,"column":27}},"locations":[{"start":{"line":25,"column":15},"end":{"line":25,"column":27}}]},"5":{"type":"branch","line":25,"loc":{"start":{"line":25,"column":32},"end":{"line":28,"column":5}},"locations":[{"start":{"line":25,"column":32},"end":{"line":28,"column":5}}]},"6":{"type":"branch","line":30,"loc":{"start":{"line":30,"column":26},"end":{"line":46,"column":5}},"locations":[{"start":{"line":30,"column":26},"end":{"line":46,"column":5}}]},"7":{"type":"branch","line":42,"loc":{"start":{"line":42,"column":21},"end":{"line":45,"column":7}},"locations":[{"start":{"line":42,"column":21},"end":{"line":45,"column":7}}]},"8":{"type":"branch","line":49,"loc":{"start":{"line":49,"column":10},"end":{"line":88,"column":3}},"locations":[{"start":{"line":49,"column":10},"end":{"line":88,"column":3}}]},"9":{"type":"branch","line":60,"loc":{"start":{"line":60,"column":30},"end":{"line":72,"column":5}},"locations":[{"start":{"line":60,"column":30},"end":{"line":72,"column":5}}]},"10":{"type":"branch","line":74,"loc":{"start":{"line":74,"column":23},"end":{"line":77,"column":5}},"locations":[{"start":{"line":74,"column":23},"end":{"line":77,"column":5}}]},"11":{"type":"branch","line":79,"loc":{"start":{"line":79,"column":27},"end":{"line":82,"column":5}},"locations":[{"start":{"line":79,"column":27},"end":{"line":82,"column":5}}]},"12":{"type":"branch","line":90,"loc":{"start":{"line":90,"column":9},"end":{"line":103,"column":3}},"locations":[{"start":{"line":90,"column":9},"end":{"line":103,"column":3}}]},"13":{"type":"branch","line":91,"loc":{"start":{"line":91,"column":39},"end":{"line":93,"column":5}},"locations":[{"start":{"line":91,"column":39},"end":{"line":93,"column":5}}]},"14":{"type":"branch","line":105,"loc":{"start":{"line":105,"column":9},"end":{"line":107,"column":3}},"locations":[{"start":{"line":105,"column":9},"end":{"line":107,"column":3}}]},"15":{"type":"branch","line":109,"loc":{"start":{"line":109,"column":9},"end":{"line":111,"column":3}},"locations":[{"start":{"line":109,"column":9},"end":{"line":111,"column":3}}]}},"b":{"0":[8],"1":[2],"2":[8],"3":[8],"4":[24],"5":[24],"6":[1240],"7":[1232],"8":[16],"9":[896],"10":[48],"11":[6336],"12":[8000],"13":[16],"14":[1000],"15":[1000]},"fnMap":{"0":{"name":"<instance_members_initializer>","decl":{"start":{"line":1,"column":0},"end":{"line":112,"column":1}},"loc":{"start":{"line":1,"column":0},"end":{"line":112,"column":1}},"line":1},"1":{"name":"<static_initializer>","decl":{"start":{"line":6,"column":2},"end":{"line":6,"column":49}},"loc":{"start":{"line":6,"column":2},"end":{"line":6,"column":49}},"line":6},"2":{"name":"MersenneTwister","decl":{"start":{"line":12,"column":2},"end":{"line":17,"column":3}},"loc":{"start":{"line":12,"column":2},"end":{"line":17,"column":3}},"line":12},"3":{"name":"init","decl":{"start":{"line":19,"column":10},"end":{"line":47,"column":3}},"loc":{"start":{"line":19,"column":10},"end":{"line":47,"column":3}},"line":19},"4":{"name":"twist","decl":{"start":{"line":49,"column":10},"end":{"line":88,"column":3}},"loc":{"start":{"line":49,"column":10},"end":{"line":88,"column":3}},"line":49},"5":{"name":"random","decl":{"start":{"line":90,"column":9},"end":{"line":103,"column":3}},"loc":{"start":{"line":90,"column":9},"end":{"line":103,"column":3}},"line":90},"6":{"name":"randomInt","decl":{"start":{"line":105,"column":9},"end":{"line":107,"column":3}},"loc":{"start":{"line":105,"column":9},"end":{"line":107,"column":3}},"line":105},"7":{"name":"randomFloat","decl":{"start":{"line":109,"column":9},"end":{"line":111,"column":3}},"loc":{"start":{"line":109,"column":9},"end":{"line":111,"column":3}},"line":109}},"f":{"0":8,"1":2,"2":8,"3":8,"4":16,"5":8000,"6":1000,"7":1000}}
}
